>>> ACTIVE CONFIG <<<
APPLICATION_ROOT: /
DEBUG: True
EXPLAIN_TEMPLATE_LOADING: False
JSON_SORT_KEYS: False
MAX_CONTENT_LENGTH: None
MAX_COOKIE_SIZE: 4093
MAX_FORM_MEMORY_SIZE: 500000
MAX_FORM_PARTS: 1000
PERMANENT_SESSION_LIFETIME: 31 days, 0:00:00
PREFERRED_URL_SCHEME: http
PROPAGATE_EXCEPTIONS: None
PROVIDE_AUTOMATIC_OPTIONS: True
SECRET_KEY: dev-hard-key
SECRET_KEY_FALLBACKS: None
SEND_FILE_MAX_AGE_DEFAULT: None
SERVER_NAME: None
SESSION_COOKIE_DOMAIN: None
SESSION_COOKIE_HTTPONLY: True
SESSION_COOKIE_NAME: session
SESSION_COOKIE_PARTITIONED: False
SESSION_COOKIE_PATH: None
SESSION_COOKIE_SAMESITE: None
SESSION_COOKIE_SECURE: False
SESSION_REFRESH_EACH_REQUEST: True
SQLALCHEMY_BINDS: {}
SQLALCHEMY_DATABASE_URI: sqlite:////Users/sutie/github/demo-uv-python/demo3/dev.db
SQLALCHEMY_ECHO: False
SQLALCHEMY_ENGINE_OPTIONS: {}
SQLALCHEMY_RECORD_QUERIES: False
SQLALCHEMY_TRACK_MODIFICATIONS: False
TEMPLATES_AUTO_RELOAD: None
TESTING: False
TRAP_BAD_REQUEST_ERRORS: None
TRAP_HTTP_EXCEPTIONS: False
TRUSTED_HOSTS: None
USE_X_SENDFILE: False
>>> END CONFIG <<<
 * Serving Flask app 'app'
 * Debug mode: on
[31m[1mWARNING: This is a development server. Do not use it in a production deployment. Use a production WSGI server instead.[0m
 * Running on all addresses (0.0.0.0)
 * Running on http://127.0.0.1:5001
 * Running on http://198.18.0.1:5001
[33mPress CTRL+C to quit[0m
 * Restarting with stat
 * Debugger is active!
 * Debugger PIN: 299-449-494
/Users/sutie/.local/share/uv/python/cpython-3.13.11-macos-aarch64-none/lib/python3.13/multiprocessing/resource_tracker.py:400: UserWarning: resource_tracker: There appear to be 1 leaked semaphore objects to clean up at shutdown: {'/mp-oauksj_t'}
  warnings.warn(
